[2020-02-15 05:21:16] local.ERROR: Class 'App\Http\Controllers\SendGlobalNotification' not found {"exception":"[object] (Symfony\\Component\\Debug\\Exception\\FatalThrowableError(code: 0): Class 'App\\Http\\Controllers\\SendGlobalNotification' not found at D:\\Satrio\\download\\github\\larachat\\app\\Http\\Controllers\\chatController.php:44)
[stacktrace]
#0 [internal function]: App\\Http\\Controllers\\chatController->sendMsg(Object(Illuminate\\Http\\Request))
#1 D:\\Satrio\\download\\github\\larachat\\vendor\\laravel\\framework\\src\\Illuminate\\Routing\\Controller.php(54): call_user_func_array(Array, Array)
#2 D:\\Satrio\\download\\github\\larachat\\vendor\\laravel\\framework\\src\\Illuminate\\Routing\\ControllerDispatcher.php(45): Illuminate\\Routing\\Controller->callAction('sendMsg', Array)
#3 D:\\Satrio\\download\\github\\larachat\\vendor\\laravel\\framework\\src\\Illuminate\\Routing\\Route.php(219): Illuminate\\Routing\\ControllerDispatcher->dispatch(Object(Illuminate\\Routing\\Route), Object(App\\Http\\Controllers\\chatController), 'sendMsg')
#4 D:\\Satrio\\download\\github\\larachat\\vendor\\laravel\\framework\\src\\Illuminate\\Routing\\Route.php(176): Illuminate\\Routing\\Route->runController()
#5 D:\\Satrio\\download\\github\\larachat\\vendor\\laravel\\framework\\src\\Illuminate\\Routing\\Router.php(681): Illuminate\\Routing\\Route->run()
#6 D:\\Satrio\\download\\github\\larachat\\vendor\\laravel\\framework\\src\\Illuminate\\Pipeline\\Pipeline.php(130): Illuminate\\Routing\\Router->Illuminate\\Routing\\{closure}(Object(Illuminate\\Http\\Request))
#7 D:\\Satrio\\download\\github\\larachat\\vendor\\laravel\\framework\\src\\Illuminate\\Routing\\Middleware\\SubstituteBindings.php(41): Illuminate\\Pipeline\\Pipeline->Illuminate\\Pipeline\\{closure}(Object(Illuminate\\Http\\Request))
#8 D:\\Satrio\\download\\github\\larachat\\vendor\\laravel\\framework\\src\\Illuminate\\Pipeline\\Pipeline.php(171): Illuminate\\Routing\\Middleware\\SubstituteBindings->handle(Object(Illuminate\\Http\\Request), Object(Closure))
#9 D:\\Satrio\\download\\github\\larachat\\vendor\\laravel\\framework\\src\\Illuminate\\Routing\\Middleware\\ThrottleRequests.php(59): Illuminate\\Pipeline\\Pipeline->Illuminate\\Pipeline\\{closure}(Object(Illuminate\\Http\\Request))
#10 D:\\Satrio\\download\\github\\larachat\\vendor\\laravel\\framework\\src\\Illuminate\\Pipeline\\Pipeline.php(171): Illuminate\\Routing\\Middleware\\ThrottleRequests->handle(Object(Illuminate\\Http\\Request), Object(Closure), 60, '1')
#11 D:\\Satrio\\download\\github\\larachat\\vendor\\laravel\\framework\\src\\Illuminate\\Pipeline\\Pipeline.php(105): Illuminate\\Pipeline\\Pipeline->Illuminate\\Pipeline\\{closure}(Object(Illuminate\\Http\\Request))
#12 D:\\Satrio\\download\\github\\larachat\\vendor\\laravel\\framework\\src\\Illuminate\\Routing\\Router.php(683): Illuminate\\Pipeline\\Pipeline->then(Object(Closure))
#13 D:\\Satrio\\download\\github\\larachat\\vendor\\laravel\\framework\\src\\Illuminate\\Routing\\Router.php(658): Illuminate\\Routing\\Router->runRouteWithinStack(Object(Illuminate\\Routing\\Route), Object(Illuminate\\Http\\Request))
#14 D:\\Satrio\\download\\github\\larachat\\vendor\\laravel\\framework\\src\\Illuminate\\Routing\\Router.php(624): Illuminate\\Routing\\Router->runRoute(Object(Illuminate\\Http\\Request), Object(Illuminate\\Routing\\Route))
#15 D:\\Satrio\\download\\github\\larachat\\vendor\\laravel\\framework\\src\\Illuminate\\Routing\\Router.php(613): Illuminate\\Routing\\Router->dispatchToRoute(Object(Illuminate\\Http\\Request))
#16 D:\\Satrio\\download\\github\\larachat\\vendor\\laravel\\framework\\src\\Illuminate\\Foundation\\Http\\Kernel.php(170): Illuminate\\Routing\\Router->dispatch(Object(Illuminate\\Http\\Request))
#17 D:\\Satrio\\download\\github\\larachat\\vendor\\laravel\\framework\\src\\Illuminate\\Pipeline\\Pipeline.php(130): Illuminate\\Foundation\\Http\\Kernel->Illuminate\\Foundation\\Http\\{closure}(Object(Illuminate\\Http\\Request))
#18 D:\\Satrio\\download\\github\\larachat\\vendor\\laravel\\framework\\src\\Illuminate\\Foundation\\Http\\Middleware\\TransformsRequest.php(21): Illuminate\\Pipeline\\Pipeline->Illuminate\\Pipeline\\{closure}(Object(Illuminate\\Http\\Request))
#19 D:\\Satrio\\download\\github\\larachat\\vendor\\laravel\\framework\\src\\Illuminate\\Pipeline\\Pipeline.php(171): Illuminate\\Foundation\\Http\\Middleware\\TransformsRequest->handle(Object(Illuminate\\Http\\Request), Object(Closure))
#20 D:\\Satrio\\download\\github\\larachat\\vendor\\laravel\\framework\\src\\Illuminate\\Foundation\\Http\\Middleware\\TransformsRequest.php(21): Illuminate\\Pipeline\\Pipeline->Illuminate\\Pipeline\\{closure}(Object(Illuminate\\Http\\Request))
#21 D:\\Satrio\\download\\github\\larachat\\vendor\\laravel\\framework\\src\\Illuminate\\Pipeline\\Pipeline.php(171): Illuminate\\Foundation\\Http\\Middleware\\TransformsRequest->handle(Object(Illuminate\\Http\\Request), Object(Closure))
#22 D:\\Satrio\\download\\github\\larachat\\vendor\\laravel\\framework\\src\\Illuminate\\Foundation\\Http\\Middleware\\ValidatePostSize.php(27): Illuminate\\Pipeline\\Pipeline->Illuminate\\Pipeline\\{closure}(Object(Illuminate\\Http\\Request))
#23 D:\\Satrio\\download\\github\\larachat\\vendor\\laravel\\framework\\src\\Illuminate\\Pipeline\\Pipeline.php(171): Illuminate\\Foundation\\Http\\Middleware\\ValidatePostSize->handle(Object(Illuminate\\Http\\Request), Object(Closure))
#24 D:\\Satrio\\download\\github\\larachat\\vendor\\laravel\\framework\\src\\Illuminate\\Foundation\\Http\\Middleware\\CheckForMaintenanceMode.php(63): Illuminate\\Pipeline\\Pipeline->Illuminate\\Pipeline\\{closure}(Object(Illuminate\\Http\\Request))
#25 D:\\Satrio\\download\\github\\larachat\\vendor\\laravel\\framework\\src\\Illuminate\\Pipeline\\Pipeline.php(171): Illuminate\\Foundation\\Http\\Middleware\\CheckForMaintenanceMode->handle(Object(Illuminate\\Http\\Request), Object(Closure))
#26 D:\\Satrio\\download\\github\\larachat\\vendor\\fideloper\\proxy\\src\\TrustProxies.php(57): Illuminate\\Pipeline\\Pipeline->Illuminate\\Pipeline\\{closure}(Object(Illuminate\\Http\\Request))
#27 D:\\Satrio\\download\\github\\larachat\\vendor\\laravel\\framework\\src\\Illuminate\\Pipeline\\Pipeline.php(171): Fideloper\\Proxy\\TrustProxies->handle(Object(Illuminate\\Http\\Request), Object(Closure))
#28 D:\\Satrio\\download\\github\\larachat\\vendor\\laravel\\framework\\src\\Illuminate\\Pipeline\\Pipeline.php(105): Illuminate\\Pipeline\\Pipeline->Illuminate\\Pipeline\\{closure}(Object(Illuminate\\Http\\Request))
#29 D:\\Satrio\\download\\github\\larachat\\vendor\\laravel\\framework\\src\\Illuminate\\Foundation\\Http\\Kernel.php(145): Illuminate\\Pipeline\\Pipeline->then(Object(Closure))
#30 D:\\Satrio\\download\\github\\larachat\\vendor\\laravel\\framework\\src\\Illuminate\\Foundation\\Http\\Kernel.php(110): Illuminate\\Foundation\\Http\\Kernel->sendRequestThroughRouter(Object(Illuminate\\Http\\Request))
#31 D:\\Satrio\\download\\github\\larachat\\public\\index.php(55): Illuminate\\Foundation\\Http\\Kernel->handle(Object(Illuminate\\Http\\Request))
#32 D:\\Satrio\\download\\github\\larachat\\server.php(21): require_once('D:\\\\Satrio\\\\downl...')
#33 {main}
"} 
[2020-02-15 05:22:06] local.INFO: Broadcasting [App\Events\SendGlobalNotification] on channels [private-messages.3] with payload:
{
    "message": {
        "id": 62,
        "from": 1,
        "to": 3,
        "read": 1,
        "text": "dasda",
        "created_at": "2020-02-15 05:22:05",
        "updated_at": "2020-02-15 05:22:05",
        "from_contact": {
            "id": 1,
            "name": "Satrio",
            "no_telp": null,
            "email": "satrio@gmail.com",
            "email_verified_at": null,
            "img": null,
            "created_at": "2020-02-03 08:23:46",
            "updated_at": "2020-02-03 08:23:46"
        }
    },
    "socket": null
}  
[2020-02-15 05:23:44] local.ERROR: Call to undefined relationship [fromContact] on model [App\message]. {"exception":"[object] (Illuminate\\Database\\Eloquent\\RelationNotFoundException(code: 0): Call to undefined relationship [fromContact] on model [App\\message]. at D:\\Satrio\\download\\github\\larachat\\vendor\\laravel\\framework\\src\\Illuminate\\Database\\Eloquent\\RelationNotFoundException.php:34)
[stacktrace]
#0 D:\\Satrio\\download\\github\\larachat\\vendor\\laravel\\framework\\src\\Illuminate\\Database\\Eloquent\\Builder.php(604): Illuminate\\Database\\Eloquent\\RelationNotFoundException::make(Object(App\\message), 'fromContact')
#1 D:\\Satrio\\download\\github\\larachat\\vendor\\laravel\\framework\\src\\Illuminate\\Database\\Eloquent\\Relations\\Relation.php(90): Illuminate\\Database\\Eloquent\\Builder->Illuminate\\Database\\Eloquent\\{closure}()
#2 D:\\Satrio\\download\\github\\larachat\\vendor\\laravel\\framework\\src\\Illuminate\\Database\\Eloquent\\Builder.php(606): Illuminate\\Database\\Eloquent\\Relations\\Relation::noConstraints(Object(Closure))
#3 D:\\Satrio\\download\\github\\larachat\\vendor\\laravel\\framework\\src\\Illuminate\\Database\\Eloquent\\Builder.php(574): Illuminate\\Database\\Eloquent\\Builder->getRelation('fromContact')
#4 D:\\Satrio\\download\\github\\larachat\\vendor\\laravel\\framework\\src\\Illuminate\\Database\\Eloquent\\Builder.php(554): Illuminate\\Database\\Eloquent\\Builder->eagerLoadRelation(Array, 'fromContact', Object(Closure))
#5 D:\\Satrio\\download\\github\\larachat\\vendor\\laravel\\framework\\src\\Illuminate\\Database\\Eloquent\\Model.php(491): Illuminate\\Database\\Eloquent\\Builder->eagerLoadRelations(Array)
#6 D:\\Satrio\\download\\github\\larachat\\app\\Events\\SendGlobalNotification.php(42): Illuminate\\Database\\Eloquent\\Model->load('fromContact')
#7 D:\\Satrio\\download\\github\\larachat\\vendor\\laravel\\framework\\src\\Illuminate\\Broadcasting\\BroadcastEvent.php(78): App\\Events\\SendGlobalNotification->broadcastWith()
#8 D:\\Satrio\\download\\github\\larachat\\vendor\\laravel\\framework\\src\\Illuminate\\Broadcasting\\BroadcastEvent.php(64): Illuminate\\Broadcasting\\BroadcastEvent->getPayloadFromEvent(Object(App\\Events\\SendGlobalNotification))
#9 [internal function]: Illuminate\\Broadcasting\\BroadcastEvent->handle(Object(Illuminate\\Broadcasting\\Broadcasters\\LogBroadcaster))
#10 D:\\Satrio\\download\\github\\larachat\\vendor\\laravel\\framework\\src\\Illuminate\\Container\\BoundMethod.php(32): call_user_func_array(Array, Array)
#11 D:\\Satrio\\download\\github\\larachat\\vendor\\laravel\\framework\\src\\Illuminate\\Container\\Util.php(36): Illuminate\\Container\\BoundMethod::Illuminate\\Container\\{closure}()
#12 D:\\Satrio\\download\\github\\larachat\\vendor\\laravel\\framework\\src\\Illuminate\\Container\\BoundMethod.php(90): Illuminate\\Container\\Util::unwrapIfClosure(Object(Closure))
#13 D:\\Satrio\\download\\github\\larachat\\vendor\\laravel\\framework\\src\\Illuminate\\Container\\BoundMethod.php(34): Illuminate\\Container\\BoundMethod::callBoundMethod(Object(Illuminate\\Foundation\\Application), Array, Object(Closure))
#14 D:\\Satrio\\download\\github\\larachat\\vendor\\laravel\\framework\\src\\Illuminate\\Container\\Container.php(590): Illuminate\\Container\\BoundMethod::call(Object(Illuminate\\Foundation\\Application), Array, Array, NULL)
#15 D:\\Satrio\\download\\github\\larachat\\vendor\\laravel\\framework\\src\\Illuminate\\Bus\\Dispatcher.php(94): Illuminate\\Container\\Container->call(Array)
#16 D:\\Satrio\\download\\github\\larachat\\vendor\\laravel\\framework\\src\\Illuminate\\Pipeline\\Pipeline.php(130): Illuminate\\Bus\\Dispatcher->Illuminate\\Bus\\{closure}(Object(Illuminate\\Broadcasting\\BroadcastEvent))
#17 D:\\Satrio\\download\\github\\larachat\\vendor\\laravel\\framework\\src\\Illuminate\\Pipeline\\Pipeline.php(105): Illuminate\\Pipeline\\Pipeline->Illuminate\\Pipeline\\{closure}(Object(Illuminate\\Broadcasting\\BroadcastEvent))
#18 D:\\Satrio\\download\\github\\larachat\\vendor\\laravel\\framework\\src\\Illuminate\\Bus\\Dispatcher.php(98): Illuminate\\Pipeline\\Pipeline->then(Object(Closure))
#19 D:\\Satrio\\download\\github\\larachat\\vendor\\laravel\\framework\\src\\Illuminate\\Queue\\CallQueuedHandler.php(83): Illuminate\\Bus\\Dispatcher->dispatchNow(Object(Illuminate\\Broadcasting\\BroadcastEvent), false)
#20 D:\\Satrio\\download\\github\\larachat\\vendor\\laravel\\framework\\src\\Illuminate\\Pipeline\\Pipeline.php(130): Illuminate\\Queue\\CallQueuedHandler->Illuminate\\Queue\\{closure}(Object(Illuminate\\Broadcasting\\BroadcastEvent))
#21 D:\\Satrio\\download\\github\\larachat\\vendor\\laravel\\framework\\src\\Illuminate\\Pipeline\\Pipeline.php(105): Illuminate\\Pipeline\\Pipeline->Illuminate\\Pipeline\\{closure}(Object(Illuminate\\Broadcasting\\BroadcastEvent))
#22 D:\\Satrio\\download\\github\\larachat\\vendor\\laravel\\framework\\src\\Illuminate\\Queue\\CallQueuedHandler.php(85): Illuminate\\Pipeline\\Pipeline->then(Object(Closure))
#23 D:\\Satrio\\download\\github\\larachat\\vendor\\laravel\\framework\\src\\Illuminate\\Queue\\CallQueuedHandler.php(59): Illuminate\\Queue\\CallQueuedHandler->dispatchThroughMiddleware(Object(Illuminate\\Queue\\Jobs\\SyncJob), Object(Illuminate\\Broadcasting\\BroadcastEvent))
#24 D:\\Satrio\\download\\github\\larachat\\vendor\\laravel\\framework\\src\\Illuminate\\Queue\\Jobs\\Job.php(88): Illuminate\\Queue\\CallQueuedHandler->call(Object(Illuminate\\Queue\\Jobs\\SyncJob), Array)
#25 D:\\Satrio\\download\\github\\larachat\\vendor\\laravel\\framework\\src\\Illuminate\\Queue\\SyncQueue.php(45): Illuminate\\Queue\\Jobs\\Job->fire()
#26 D:\\Satrio\\download\\github\\larachat\\vendor\\laravel\\framework\\src\\Illuminate\\Queue\\Queue.php(44): Illuminate\\Queue\\SyncQueue->push(Object(Illuminate\\Broadcasting\\BroadcastEvent), '', NULL)
#27 D:\\Satrio\\download\\github\\larachat\\vendor\\laravel\\framework\\src\\Illuminate\\Broadcasting\\BroadcastManager.php(127): Illuminate\\Queue\\Queue->pushOn(NULL, Object(Illuminate\\Broadcasting\\BroadcastEvent))
#28 D:\\Satrio\\download\\github\\larachat\\vendor\\laravel\\framework\\src\\Illuminate\\Events\\Dispatcher.php(267): Illuminate\\Broadcasting\\BroadcastManager->queue(Object(App\\Events\\SendGlobalNotification))
#29 D:\\Satrio\\download\\github\\larachat\\vendor\\laravel\\framework\\src\\Illuminate\\Events\\Dispatcher.php(190): Illuminate\\Events\\Dispatcher->broadcastEvent(Object(App\\Events\\SendGlobalNotification))
#30 D:\\Satrio\\download\\github\\larachat\\vendor\\laravel\\framework\\src\\Illuminate\\Broadcasting\\PendingBroadcast.php(57): Illuminate\\Events\\Dispatcher->dispatch('App\\\\Events\\\\Send...')
#31 D:\\Satrio\\download\\github\\larachat\\vendor\\laravel\\framework\\src\\Illuminate\\Foundation\\helpers.php(220): Illuminate\\Broadcasting\\PendingBroadcast->__destruct()
#32 D:\\Satrio\\download\\github\\larachat\\app\\Http\\Controllers\\chatController.php(45): broadcast(Object(App\\Events\\SendGlobalNotification))
#33 [internal function]: App\\Http\\Controllers\\chatController->sendMsg(Object(Illuminate\\Http\\Request))
#34 D:\\Satrio\\download\\github\\larachat\\vendor\\laravel\\framework\\src\\Illuminate\\Routing\\Controller.php(54): call_user_func_array(Array, Array)
#35 D:\\Satrio\\download\\github\\larachat\\vendor\\laravel\\framework\\src\\Illuminate\\Routing\\ControllerDispatcher.php(45): Illuminate\\Routing\\Controller->callAction('sendMsg', Array)
#36 D:\\Satrio\\download\\github\\larachat\\vendor\\laravel\\framework\\src\\Illuminate\\Routing\\Route.php(219): Illuminate\\Routing\\ControllerDispatcher->dispatch(Object(Illuminate\\Routing\\Route), Object(App\\Http\\Controllers\\chatController), 'sendMsg')
#37 D:\\Satrio\\download\\github\\larachat\\vendor\\laravel\\framework\\src\\Illuminate\\Routing\\Route.php(176): Illuminate\\Routing\\Route->runController()
#38 D:\\Satrio\\download\\github\\larachat\\vendor\\laravel\\framework\\src\\Illuminate\\Routing\\Router.php(681): Illuminate\\Routing\\Route->run()
#39 D:\\Satrio\\download\\github\\larachat\\vendor\\laravel\\framework\\src\\Illuminate\\Pipeline\\Pipeline.php(130): Illuminate\\Routing\\Router->Illuminate\\Routing\\{closure}(Object(Illuminate\\Http\\Request))
#40 D:\\Satrio\\download\\github\\larachat\\vendor\\laravel\\framework\\src\\Illuminate\\Routing\\Middleware\\SubstituteBindings.php(41): Illuminate\\Pipeline\\Pipeline->Illuminate\\Pipeline\\{closure}(Object(Illuminate\\Http\\Request))
#41 D:\\Satrio\\download\\github\\larachat\\vendor\\laravel\\framework\\src\\Illuminate\\Pipeline\\Pipeline.php(171): Illuminate\\Routing\\Middleware\\SubstituteBindings->handle(Object(Illuminate\\Http\\Request), Object(Closure))
#42 D:\\Satrio\\download\\github\\larachat\\vendor\\laravel\\framework\\src\\Illuminate\\Routing\\Middleware\\ThrottleRequests.php(59): Illuminate\\Pipeline\\Pipeline->Illuminate\\Pipeline\\{closure}(Object(Illuminate\\Http\\Request))
#43 D:\\Satrio\\download\\github\\larachat\\vendor\\laravel\\framework\\src\\Illuminate\\Pipeline\\Pipeline.php(171): Illuminate\\Routing\\Middleware\\ThrottleRequests->handle(Object(Illuminate\\Http\\Request), Object(Closure), 60, '1')
#44 D:\\Satrio\\download\\github\\larachat\\vendor\\laravel\\framework\\src\\Illuminate\\Pipeline\\Pipeline.php(105): Illuminate\\Pipeline\\Pipeline->Illuminate\\Pipeline\\{closure}(Object(Illuminate\\Http\\Request))
#45 D:\\Satrio\\download\\github\\larachat\\vendor\\laravel\\framework\\src\\Illuminate\\Routing\\Router.php(683): Illuminate\\Pipeline\\Pipeline->then(Object(Closure))
#46 D:\\Satrio\\download\\github\\larachat\\vendor\\laravel\\framework\\src\\Illuminate\\Routing\\Router.php(658): Illuminate\\Routing\\Router->runRouteWithinStack(Object(Illuminate\\Routing\\Route), Object(Illuminate\\Http\\Request))
#47 D:\\Satrio\\download\\github\\larachat\\vendor\\laravel\\framework\\src\\Illuminate\\Routing\\Router.php(624): Illuminate\\Routing\\Router->runRoute(Object(Illuminate\\Http\\Request), Object(Illuminate\\Routing\\Route))
#48 D:\\Satrio\\download\\github\\larachat\\vendor\\laravel\\framework\\src\\Illuminate\\Routing\\Router.php(613): Illuminate\\Routing\\Router->dispatchToRoute(Object(Illuminate\\Http\\Request))
#49 D:\\Satrio\\download\\github\\larachat\\vendor\\laravel\\framework\\src\\Illuminate\\Foundation\\Http\\Kernel.php(170): Illuminate\\Routing\\Router->dispatch(Object(Illuminate\\Http\\Request))
#50 D:\\Satrio\\download\\github\\larachat\\vendor\\laravel\\framework\\src\\Illuminate\\Pipeline\\Pipeline.php(130): Illuminate\\Foundation\\Http\\Kernel->Illuminate\\Foundation\\Http\\{closure}(Object(Illuminate\\Http\\Request))
#51 D:\\Satrio\\download\\github\\larachat\\vendor\\laravel\\framework\\src\\Illuminate\\Foundation\\Http\\Middleware\\TransformsRequest.php(21): Illuminate\\Pipeline\\Pipeline->Illuminate\\Pipeline\\{closure}(Object(Illuminate\\Http\\Request))
#52 D:\\Satrio\\download\\github\\larachat\\vendor\\laravel\\framework\\src\\Illuminate\\Pipeline\\Pipeline.php(171): Illuminate\\Foundation\\Http\\Middleware\\TransformsRequest->handle(Object(Illuminate\\Http\\Request), Object(Closure))
#53 D:\\Satrio\\download\\github\\larachat\\vendor\\laravel\\framework\\src\\Illuminate\\Foundation\\Http\\Middleware\\TransformsRequest.php(21): Illuminate\\Pipeline\\Pipeline->Illuminate\\Pipeline\\{closure}(Object(Illuminate\\Http\\Request))
#54 D:\\Satrio\\download\\github\\larachat\\vendor\\laravel\\framework\\src\\Illuminate\\Pipeline\\Pipeline.php(171): Illuminate\\Foundation\\Http\\Middleware\\TransformsRequest->handle(Object(Illuminate\\Http\\Request), Object(Closure))
#55 D:\\Satrio\\download\\github\\larachat\\vendor\\laravel\\framework\\src\\Illuminate\\Foundation\\Http\\Middleware\\ValidatePostSize.php(27): Illuminate\\Pipeline\\Pipeline->Illuminate\\Pipeline\\{closure}(Object(Illuminate\\Http\\Request))
#56 D:\\Satrio\\download\\github\\larachat\\vendor\\laravel\\framework\\src\\Illuminate\\Pipeline\\Pipeline.php(171): Illuminate\\Foundation\\Http\\Middleware\\ValidatePostSize->handle(Object(Illuminate\\Http\\Request), Object(Closure))
#57 D:\\Satrio\\download\\github\\larachat\\vendor\\laravel\\framework\\src\\Illuminate\\Foundation\\Http\\Middleware\\CheckForMaintenanceMode.php(63): Illuminate\\Pipeline\\Pipeline->Illuminate\\Pipeline\\{closure}(Object(Illuminate\\Http\\Request))
#58 D:\\Satrio\\download\\github\\larachat\\vendor\\laravel\\framework\\src\\Illuminate\\Pipeline\\Pipeline.php(171): Illuminate\\Foundation\\Http\\Middleware\\CheckForMaintenanceMode->handle(Object(Illuminate\\Http\\Request), Object(Closure))
#59 D:\\Satrio\\download\\github\\larachat\\vendor\\fideloper\\proxy\\src\\TrustProxies.php(57): Illuminate\\Pipeline\\Pipeline->Illuminate\\Pipeline\\{closure}(Object(Illuminate\\Http\\Request))
#60 D:\\Satrio\\download\\github\\larachat\\vendor\\laravel\\framework\\src\\Illuminate\\Pipeline\\Pipeline.php(171): Fideloper\\Proxy\\TrustProxies->handle(Object(Illuminate\\Http\\Request), Object(Closure))
#61 D:\\Satrio\\download\\github\\larachat\\vendor\\laravel\\framework\\src\\Illuminate\\Pipeline\\Pipeline.php(105): Illuminate\\Pipeline\\Pipeline->Illuminate\\Pipeline\\{closure}(Object(Illuminate\\Http\\Request))
#62 D:\\Satrio\\download\\github\\larachat\\vendor\\laravel\\framework\\src\\Illuminate\\Foundation\\Http\\Kernel.php(145): Illuminate\\Pipeline\\Pipeline->then(Object(Closure))
#63 D:\\Satrio\\download\\github\\larachat\\vendor\\laravel\\framework\\src\\Illuminate\\Foundation\\Http\\Kernel.php(110): Illuminate\\Foundation\\Http\\Kernel->sendRequestThroughRouter(Object(Illuminate\\Http\\Request))
#64 D:\\Satrio\\download\\github\\larachat\\public\\index.php(55): Illuminate\\Foundation\\Http\\Kernel->handle(Object(Illuminate\\Http\\Request))
#65 D:\\Satrio\\download\\github\\larachat\\server.php(21): require_once('D:\\\\Satrio\\\\downl...')
#66 {main}
"} 
[2020-02-15 05:23:56] local.INFO: Broadcasting [App\Events\SendGlobalNotification] on channels [private-messages.3] with payload:
{
    "message": {
        "id": 64,
        "from": 1,
        "to": 3,
        "read": 1,
        "text": "dasda",
        "created_at": "2020-02-15 05:23:56",
        "updated_at": "2020-02-15 05:23:56",
        "from_contact": {
            "id": 1,
            "name": "Satrio",
            "no_telp": null,
            "email": "satrio@gmail.com",
            "email_verified_at": null,
            "img": null,
            "created_at": "2020-02-03 08:23:46",
            "updated_at": "2020-02-03 08:23:46"
        }
    },
    "socket": null
}  
[2020-02-15 05:26:24] local.INFO: Broadcasting [App\Events\SendGlobalNotification] on channels [private-messages.2] with payload:
{
    "message": {
        "id": 65,
        "from": 1,
        "to": 2,
        "read": 1,
        "text": "test",
        "created_at": "2020-02-15 05:26:24",
        "updated_at": "2020-02-15 05:26:24",
        "from_contact": {
            "id": 1,
            "name": "Satrio",
            "no_telp": null,
            "email": "satrio@gmail.com",
            "email_verified_at": null,
            "img": null,
            "created_at": "2020-02-03 08:23:46",
            "updated_at": "2020-02-03 08:23:46"
        }
    },
    "socket": null
}  
[2020-02-15 05:27:14] local.INFO: Broadcasting [App\Events\SendGlobalNotification] on channels [private-messages.2] with payload:
{
    "message": {
        "id": 66,
        "from": 1,
        "to": 2,
        "read": 1,
        "text": "weqw",
        "created_at": "2020-02-15 05:27:13",
        "updated_at": "2020-02-15 05:27:13",
        "from_contact": {
            "id": 1,
            "name": "Satrio",
            "no_telp": null,
            "email": "satrio@gmail.com",
            "email_verified_at": null,
            "img": null,
            "created_at": "2020-02-03 08:23:46",
            "updated_at": "2020-02-03 08:23:46"
        }
    },
    "socket": null
}  
[2020-02-15 05:27:30] local.INFO: Broadcasting [App\Events\SendGlobalNotification] on channels [private-messages.2] with payload:
{
    "message": {
        "id": 67,
        "from": 1,
        "to": 2,
        "read": 1,
        "text": "test",
        "created_at": "2020-02-15 05:27:29",
        "updated_at": "2020-02-15 05:27:29",
        "from_contact": {
            "id": 1,
            "name": "Satrio",
            "no_telp": null,
            "email": "satrio@gmail.com",
            "email_verified_at": null,
            "img": null,
            "created_at": "2020-02-03 08:23:46",
            "updated_at": "2020-02-03 08:23:46"
        }
    },
    "socket": null
}  
[2020-02-15 05:29:32] local.INFO: Broadcasting [App\Events\SendGlobalNotification] on channels [private-messages.2] with payload:
{
    "message": {
        "id": 68,
        "from": 1,
        "to": 2,
        "read": 1,
        "text": "123",
        "created_at": "2020-02-15 05:29:32",
        "updated_at": "2020-02-15 05:29:32",
        "from_contact": {
            "id": 1,
            "name": "Satrio",
            "no_telp": null,
            "email": "satrio@gmail.com",
            "email_verified_at": null,
            "img": null,
            "created_at": "2020-02-03 08:23:46",
            "updated_at": "2020-02-03 08:23:46"
        }
    },
    "socket": null
}  
[2020-02-15 05:29:59] local.INFO: Broadcasting [App\Events\SendGlobalNotification] on channels [private-messages.2] with payload:
{
    "message": {
        "id": 69,
        "from": 1,
        "to": 2,
        "read": 1,
        "text": "1111",
        "created_at": "2020-02-15 05:29:59",
        "updated_at": "2020-02-15 05:29:59",
        "from_contact": {
            "id": 1,
            "name": "Satrio",
            "no_telp": null,
            "email": "satrio@gmail.com",
            "email_verified_at": null,
            "img": null,
            "created_at": "2020-02-03 08:23:46",
            "updated_at": "2020-02-03 08:23:46"
        }
    },
    "socket": null
}  
[2020-02-15 05:39:15] local.INFO: Broadcasting [App\Events\SendGlobalNotification] on channels [private-messages.2] with payload:
{
    "message": {
        "id": 70,
        "from": 1,
        "to": 2,
        "read": 1,
        "text": "123123",
        "created_at": "2020-02-15 05:39:15",
        "updated_at": "2020-02-15 05:39:15",
        "from_contact": {
            "id": 1,
            "name": "Satrio",
            "no_telp": null,
            "email": "satrio@gmail.com",
            "email_verified_at": null,
            "img": null,
            "created_at": "2020-02-03 08:23:46",
            "updated_at": "2020-02-03 08:23:46"
        }
    },
    "socket": null
}  
[2020-02-15 05:39:36] local.INFO: Broadcasting [App\Events\SendGlobalNotification] on channels [private-messages.2] with payload:
{
    "message": {
        "id": 71,
        "from": 1,
        "to": 2,
        "read": 1,
        "text": "123",
        "created_at": "2020-02-15 05:39:36",
        "updated_at": "2020-02-15 05:39:36",
        "from_contact": {
            "id": 1,
            "name": "Satrio",
            "no_telp": null,
            "email": "satrio@gmail.com",
            "email_verified_at": null,
            "img": null,
            "created_at": "2020-02-03 08:23:46",
            "updated_at": "2020-02-03 08:23:46"
        }
    },
    "socket": null
}  
[2020-02-15 05:44:43] local.INFO: Broadcasting [App\Events\SendGlobalNotification] on channels [private-messages.2] with payload:
{
    "message": {
        "id": 72,
        "from": 1,
        "to": 2,
        "read": 1,
        "text": "dasda",
        "created_at": "2020-02-15 05:44:43",
        "updated_at": "2020-02-15 05:44:43",
        "from_contact": {
            "id": 1,
            "name": "Satrio",
            "no_telp": null,
            "email": "satrio@gmail.com",
            "email_verified_at": null,
            "img": null,
            "created_at": "2020-02-03 08:23:46",
            "updated_at": "2020-02-03 08:23:46"
        }
    },
    "socket": null
}  
[2020-02-15 05:45:26] local.INFO: Broadcasting [App\Events\SendGlobalNotification] on channels [private-messages.1] with payload:
{
    "message": {
        "id": 73,
        "from": 2,
        "to": 1,
        "read": 1,
        "text": "qwe",
        "created_at": "2020-02-15 05:45:26",
        "updated_at": "2020-02-15 05:45:26",
        "from_contact": {
            "id": 2,
            "name": "faissa",
            "no_telp": null,
            "email": "faissa@gmail.com",
            "email_verified_at": null,
            "img": null,
            "created_at": "2020-02-12 04:06:32",
            "updated_at": "2020-02-12 04:06:32"
        }
    },
    "socket": null
}  
[2020-02-15 05:55:15] local.INFO: Broadcasting [App\Events\SendGlobalNotification] on channels [private-messages.2] with payload:
{
    "message": {
        "id": 74,
        "from": 1,
        "to": 2,
        "read": 1,
        "text": "123131",
        "created_at": "2020-02-15 05:55:15",
        "updated_at": "2020-02-15 05:55:15",
        "from_contact": {
            "id": 1,
            "name": "Satrio",
            "no_telp": null,
            "email": "satrio@gmail.com",
            "email_verified_at": null,
            "img": null,
            "created_at": "2020-02-03 08:23:46",
            "updated_at": "2020-02-03 08:23:46"
        }
    },
    "socket": null
}  
[2020-02-15 06:03:44] local.ERROR:  {"exception":"[object] (Illuminate\\Broadcasting\\BroadcastException(code: 0):  at D:\\Satrio\\download\\github\\larachat\\vendor\\laravel\\framework\\src\\Illuminate\\Broadcasting\\Broadcasters\\PusherBroadcaster.php:121)
[stacktrace]
#0 D:\\Satrio\\download\\github\\larachat\\vendor\\laravel\\framework\\src\\Illuminate\\Broadcasting\\BroadcastEvent.php(64): Illuminate\\Broadcasting\\Broadcasters\\PusherBroadcaster->broadcast(Array, 'App\\\\Events\\\\Send...', Array)
#1 [internal function]: Illuminate\\Broadcasting\\BroadcastEvent->handle(Object(Illuminate\\Broadcasting\\Broadcasters\\PusherBroadcaster))
#2 D:\\Satrio\\download\\github\\larachat\\vendor\\laravel\\framework\\src\\Illuminate\\Container\\BoundMethod.php(32): call_user_func_array(Array, Array)
#3 D:\\Satrio\\download\\github\\larachat\\vendor\\laravel\\framework\\src\\Illuminate\\Container\\Util.php(36): Illuminate\\Container\\BoundMethod::Illuminate\\Container\\{closure}()
#4 D:\\Satrio\\download\\github\\larachat\\vendor\\laravel\\framework\\src\\Illuminate\\Container\\BoundMethod.php(90): Illuminate\\Container\\Util::unwrapIfClosure(Object(Closure))
#5 D:\\Satrio\\download\\github\\larachat\\vendor\\laravel\\framework\\src\\Illuminate\\Container\\BoundMethod.php(34): Illuminate\\Container\\BoundMethod::callBoundMethod(Object(Illuminate\\Foundation\\Application), Array, Object(Closure))
#6 D:\\Satrio\\download\\github\\larachat\\vendor\\laravel\\framework\\src\\Illuminate\\Container\\Container.php(590): Illuminate\\Container\\BoundMethod::call(Object(Illuminate\\Foundation\\Application), Array, Array, NULL)
#7 D:\\Satrio\\download\\github\\larachat\\vendor\\laravel\\framework\\src\\Illuminate\\Bus\\Dispatcher.php(94): Illuminate\\Container\\Container->call(Array)
#8 D:\\Satrio\\download\\github\\larachat\\vendor\\laravel\\framework\\src\\Illuminate\\Pipeline\\Pipeline.php(130): Illuminate\\Bus\\Dispatcher->Illuminate\\Bus\\{closure}(Object(Illuminate\\Broadcasting\\BroadcastEvent))
#9 D:\\Satrio\\download\\github\\larachat\\vendor\\laravel\\framework\\src\\Illuminate\\Pipeline\\Pipeline.php(105): Illuminate\\Pipeline\\Pipeline->Illuminate\\Pipeline\\{closure}(Object(Illuminate\\Broadcasting\\BroadcastEvent))
#10 D:\\Satrio\\download\\github\\larachat\\vendor\\laravel\\framework\\src\\Illuminate\\Bus\\Dispatcher.php(98): Illuminate\\Pipeline\\Pipeline->then(Object(Closure))
#11 D:\\Satrio\\download\\github\\larachat\\vendor\\laravel\\framework\\src\\Illuminate\\Queue\\CallQueuedHandler.php(83): Illuminate\\Bus\\Dispatcher->dispatchNow(Object(Illuminate\\Broadcasting\\BroadcastEvent), false)
#12 D:\\Satrio\\download\\github\\larachat\\vendor\\laravel\\framework\\src\\Illuminate\\Pipeline\\Pipeline.php(130): Illuminate\\Queue\\CallQueuedHandler->Illuminate\\Queue\\{closure}(Object(Illuminate\\Broadcasting\\BroadcastEvent))
#13 D:\\Satrio\\download\\github\\larachat\\vendor\\laravel\\framework\\src\\Illuminate\\Pipeline\\Pipeline.php(105): Illuminate\\Pipeline\\Pipeline->Illuminate\\Pipeline\\{closure}(Object(Illuminate\\Broadcasting\\BroadcastEvent))
#14 D:\\Satrio\\download\\github\\larachat\\vendor\\laravel\\framework\\src\\Illuminate\\Queue\\CallQueuedHandler.php(85): Illuminate\\Pipeline\\Pipeline->then(Object(Closure))
#15 D:\\Satrio\\download\\github\\larachat\\vendor\\laravel\\framework\\src\\Illuminate\\Queue\\CallQueuedHandler.php(59): Illuminate\\Queue\\CallQueuedHandler->dispatchThroughMiddleware(Object(Illuminate\\Queue\\Jobs\\SyncJob), Object(Illuminate\\Broadcasting\\BroadcastEvent))
#16 D:\\Satrio\\download\\github\\larachat\\vendor\\laravel\\framework\\src\\Illuminate\\Queue\\Jobs\\Job.php(88): Illuminate\\Queue\\CallQueuedHandler->call(Object(Illuminate\\Queue\\Jobs\\SyncJob), Array)
#17 D:\\Satrio\\download\\github\\larachat\\vendor\\laravel\\framework\\src\\Illuminate\\Queue\\SyncQueue.php(45): Illuminate\\Queue\\Jobs\\Job->fire()
#18 D:\\Satrio\\download\\github\\larachat\\vendor\\laravel\\framework\\src\\Illuminate\\Queue\\Queue.php(44): Illuminate\\Queue\\SyncQueue->push(Object(Illuminate\\Broadcasting\\BroadcastEvent), '', NULL)
#19 D:\\Satrio\\download\\github\\larachat\\vendor\\laravel\\framework\\src\\Illuminate\\Broadcasting\\BroadcastManager.php(127): Illuminate\\Queue\\Queue->pushOn(NULL, Object(Illuminate\\Broadcasting\\BroadcastEvent))
#20 D:\\Satrio\\download\\github\\larachat\\vendor\\laravel\\framework\\src\\Illuminate\\Events\\Dispatcher.php(267): Illuminate\\Broadcasting\\BroadcastManager->queue(Object(App\\Events\\SendGlobalNotification))
#21 D:\\Satrio\\download\\github\\larachat\\vendor\\laravel\\framework\\src\\Illuminate\\Events\\Dispatcher.php(190): Illuminate\\Events\\Dispatcher->broadcastEvent(Object(App\\Events\\SendGlobalNotification))
#22 D:\\Satrio\\download\\github\\larachat\\vendor\\laravel\\framework\\src\\Illuminate\\Broadcasting\\PendingBroadcast.php(57): Illuminate\\Events\\Dispatcher->dispatch('App\\\\Events\\\\Send...')
#23 D:\\Satrio\\download\\github\\larachat\\vendor\\laravel\\framework\\src\\Illuminate\\Foundation\\helpers.php(220): Illuminate\\Broadcasting\\PendingBroadcast->__destruct()
#24 D:\\Satrio\\download\\github\\larachat\\app\\Http\\Controllers\\chatController.php(45): broadcast(Object(App\\Events\\SendGlobalNotification))
#25 [internal function]: App\\Http\\Controllers\\chatController->sendMsg(Object(Illuminate\\Http\\Request))
#26 D:\\Satrio\\download\\github\\larachat\\vendor\\laravel\\framework\\src\\Illuminate\\Routing\\Controller.php(54): call_user_func_array(Array, Array)
#27 D:\\Satrio\\download\\github\\larachat\\vendor\\laravel\\framework\\src\\Illuminate\\Routing\\ControllerDispatcher.php(45): Illuminate\\Routing\\Controller->callAction('sendMsg', Array)
#28 D:\\Satrio\\download\\github\\larachat\\vendor\\laravel\\framework\\src\\Illuminate\\Routing\\Route.php(219): Illuminate\\Routing\\ControllerDispatcher->dispatch(Object(Illuminate\\Routing\\Route), Object(App\\Http\\Controllers\\chatController), 'sendMsg')
#29 D:\\Satrio\\download\\github\\larachat\\vendor\\laravel\\framework\\src\\Illuminate\\Routing\\Route.php(176): Illuminate\\Routing\\Route->runController()
#30 D:\\Satrio\\download\\github\\larachat\\vendor\\laravel\\framework\\src\\Illuminate\\Routing\\Router.php(681): Illuminate\\Routing\\Route->run()
#31 D:\\Satrio\\download\\github\\larachat\\vendor\\laravel\\framework\\src\\Illuminate\\Pipeline\\Pipeline.php(130): Illuminate\\Routing\\Router->Illuminate\\Routing\\{closure}(Object(Illuminate\\Http\\Request))
#32 D:\\Satrio\\download\\github\\larachat\\vendor\\laravel\\framework\\src\\Illuminate\\Routing\\Middleware\\SubstituteBindings.php(41): Illuminate\\Pipeline\\Pipeline->Illuminate\\Pipeline\\{closure}(Object(Illuminate\\Http\\Request))
#33 D:\\Satrio\\download\\github\\larachat\\vendor\\laravel\\framework\\src\\Illuminate\\Pipeline\\Pipeline.php(171): Illuminate\\Routing\\Middleware\\SubstituteBindings->handle(Object(Illuminate\\Http\\Request), Object(Closure))
#34 D:\\Satrio\\download\\github\\larachat\\vendor\\laravel\\framework\\src\\Illuminate\\Routing\\Middleware\\ThrottleRequests.php(59): Illuminate\\Pipeline\\Pipeline->Illuminate\\Pipeline\\{closure}(Object(Illuminate\\Http\\Request))
#35 D:\\Satrio\\download\\github\\larachat\\vendor\\laravel\\framework\\src\\Illuminate\\Pipeline\\Pipeline.php(171): Illuminate\\Routing\\Middleware\\ThrottleRequests->handle(Object(Illuminate\\Http\\Request), Object(Closure), 60, '1')
#36 D:\\Satrio\\download\\github\\larachat\\vendor\\laravel\\framework\\src\\Illuminate\\Pipeline\\Pipeline.php(105): Illuminate\\Pipeline\\Pipeline->Illuminate\\Pipeline\\{closure}(Object(Illuminate\\Http\\Request))
#37 D:\\Satrio\\download\\github\\larachat\\vendor\\laravel\\framework\\src\\Illuminate\\Routing\\Router.php(683): Illuminate\\Pipeline\\Pipeline->then(Object(Closure))
#38 D:\\Satrio\\download\\github\\larachat\\vendor\\laravel\\framework\\src\\Illuminate\\Routing\\Router.php(658): Illuminate\\Routing\\Router->runRouteWithinStack(Object(Illuminate\\Routing\\Route), Object(Illuminate\\Http\\Request))
#39 D:\\Satrio\\download\\github\\larachat\\vendor\\laravel\\framework\\src\\Illuminate\\Routing\\Router.php(624): Illuminate\\Routing\\Router->runRoute(Object(Illuminate\\Http\\Request), Object(Illuminate\\Routing\\Route))
#40 D:\\Satrio\\download\\github\\larachat\\vendor\\laravel\\framework\\src\\Illuminate\\Routing\\Router.php(613): Illuminate\\Routing\\Router->dispatchToRoute(Object(Illuminate\\Http\\Request))
#41 D:\\Satrio\\download\\github\\larachat\\vendor\\laravel\\framework\\src\\Illuminate\\Foundation\\Http\\Kernel.php(170): Illuminate\\Routing\\Router->dispatch(Object(Illuminate\\Http\\Request))
#42 D:\\Satrio\\download\\github\\larachat\\vendor\\laravel\\framework\\src\\Illuminate\\Pipeline\\Pipeline.php(130): Illuminate\\Foundation\\Http\\Kernel->Illuminate\\Foundation\\Http\\{closure}(Object(Illuminate\\Http\\Request))
#43 D:\\Satrio\\download\\github\\larachat\\vendor\\laravel\\framework\\src\\Illuminate\\Foundation\\Http\\Middleware\\TransformsRequest.php(21): Illuminate\\Pipeline\\Pipeline->Illuminate\\Pipeline\\{closure}(Object(Illuminate\\Http\\Request))
#44 D:\\Satrio\\download\\github\\larachat\\vendor\\laravel\\framework\\src\\Illuminate\\Pipeline\\Pipeline.php(171): Illuminate\\Foundation\\Http\\Middleware\\TransformsRequest->handle(Object(Illuminate\\Http\\Request), Object(Closure))
#45 D:\\Satrio\\download\\github\\larachat\\vendor\\laravel\\framework\\src\\Illuminate\\Foundation\\Http\\Middleware\\TransformsRequest.php(21): Illuminate\\Pipeline\\Pipeline->Illuminate\\Pipeline\\{closure}(Object(Illuminate\\Http\\Request))
#46 D:\\Satrio\\download\\github\\larachat\\vendor\\laravel\\framework\\src\\Illuminate\\Pipeline\\Pipeline.php(171): Illuminate\\Foundation\\Http\\Middleware\\TransformsRequest->handle(Object(Illuminate\\Http\\Request), Object(Closure))
#47 D:\\Satrio\\download\\github\\larachat\\vendor\\laravel\\framework\\src\\Illuminate\\Foundation\\Http\\Middleware\\ValidatePostSize.php(27): Illuminate\\Pipeline\\Pipeline->Illuminate\\Pipeline\\{closure}(Object(Illuminate\\Http\\Request))
#48 D:\\Satrio\\download\\github\\larachat\\vendor\\laravel\\framework\\src\\Illuminate\\Pipeline\\Pipeline.php(171): Illuminate\\Foundation\\Http\\Middleware\\ValidatePostSize->handle(Object(Illuminate\\Http\\Request), Object(Closure))
#49 D:\\Satrio\\download\\github\\larachat\\vendor\\laravel\\framework\\src\\Illuminate\\Foundation\\Http\\Middleware\\CheckForMaintenanceMode.php(63): Illuminate\\Pipeline\\Pipeline->Illuminate\\Pipeline\\{closure}(Object(Illuminate\\Http\\Request))
#50 D:\\Satrio\\download\\github\\larachat\\vendor\\laravel\\framework\\src\\Illuminate\\Pipeline\\Pipeline.php(171): Illuminate\\Foundation\\Http\\Middleware\\CheckForMaintenanceMode->handle(Object(Illuminate\\Http\\Request), Object(Closure))
#51 D:\\Satrio\\download\\github\\larachat\\vendor\\fideloper\\proxy\\src\\TrustProxies.php(57): Illuminate\\Pipeline\\Pipeline->Illuminate\\Pipeline\\{closure}(Object(Illuminate\\Http\\Request))
#52 D:\\Satrio\\download\\github\\larachat\\vendor\\laravel\\framework\\src\\Illuminate\\Pipeline\\Pipeline.php(171): Fideloper\\Proxy\\TrustProxies->handle(Object(Illuminate\\Http\\Request), Object(Closure))
#53 D:\\Satrio\\download\\github\\larachat\\vendor\\laravel\\framework\\src\\Illuminate\\Pipeline\\Pipeline.php(105): Illuminate\\Pipeline\\Pipeline->Illuminate\\Pipeline\\{closure}(Object(Illuminate\\Http\\Request))
#54 D:\\Satrio\\download\\github\\larachat\\vendor\\laravel\\framework\\src\\Illuminate\\Foundation\\Http\\Kernel.php(145): Illuminate\\Pipeline\\Pipeline->then(Object(Closure))
#55 D:\\Satrio\\download\\github\\larachat\\vendor\\laravel\\framework\\src\\Illuminate\\Foundation\\Http\\Kernel.php(110): Illuminate\\Foundation\\Http\\Kernel->sendRequestThroughRouter(Object(Illuminate\\Http\\Request))
#56 D:\\Satrio\\download\\github\\larachat\\public\\index.php(55): Illuminate\\Foundation\\Http\\Kernel->handle(Object(Illuminate\\Http\\Request))
#57 D:\\Satrio\\download\\github\\larachat\\server.php(21): require_once('D:\\\\Satrio\\\\downl...')
#58 {main}
"} 
[2020-02-15 06:09:58] local.ERROR:  {"exception":"[object] (Illuminate\\Broadcasting\\BroadcastException(code: 0):  at D:\\Satrio\\download\\github\\larachat\\vendor\\laravel\\framework\\src\\Illuminate\\Broadcasting\\Broadcasters\\PusherBroadcaster.php:121)
[stacktrace]
#0 D:\\Satrio\\download\\github\\larachat\\vendor\\laravel\\framework\\src\\Illuminate\\Broadcasting\\BroadcastEvent.php(64): Illuminate\\Broadcasting\\Broadcasters\\PusherBroadcaster->broadcast(Array, 'App\\\\Events\\\\Send...', Array)
#1 [internal function]: Illuminate\\Broadcasting\\BroadcastEvent->handle(Object(Illuminate\\Broadcasting\\Broadcasters\\PusherBroadcaster))
#2 D:\\Satrio\\download\\github\\larachat\\vendor\\laravel\\framework\\src\\Illuminate\\Container\\BoundMethod.php(32): call_user_func_array(Array, Array)
#3 D:\\Satrio\\download\\github\\larachat\\vendor\\laravel\\framework\\src\\Illuminate\\Container\\Util.php(36): Illuminate\\Container\\BoundMethod::Illuminate\\Container\\{closure}()
#4 D:\\Satrio\\download\\github\\larachat\\vendor\\laravel\\framework\\src\\Illuminate\\Container\\BoundMethod.php(90): Illuminate\\Container\\Util::unwrapIfClosure(Object(Closure))
#5 D:\\Satrio\\download\\github\\larachat\\vendor\\laravel\\framework\\src\\Illuminate\\Container\\BoundMethod.php(34): Illuminate\\Container\\BoundMethod::callBoundMethod(Object(Illuminate\\Foundation\\Application), Array, Object(Closure))
#6 D:\\Satrio\\download\\github\\larachat\\vendor\\laravel\\framework\\src\\Illuminate\\Container\\Container.php(590): Illuminate\\Container\\BoundMethod::call(Object(Illuminate\\Foundation\\Application), Array, Array, NULL)
#7 D:\\Satrio\\download\\github\\larachat\\vendor\\laravel\\framework\\src\\Illuminate\\Bus\\Dispatcher.php(94): Illuminate\\Container\\Container->call(Array)
#8 D:\\Satrio\\download\\github\\larachat\\vendor\\laravel\\framework\\src\\Illuminate\\Pipeline\\Pipeline.php(130): Illuminate\\Bus\\Dispatcher->Illuminate\\Bus\\{closure}(Object(Illuminate\\Broadcasting\\BroadcastEvent))
#9 D:\\Satrio\\download\\github\\larachat\\vendor\\laravel\\framework\\src\\Illuminate\\Pipeline\\Pipeline.php(105): Illuminate\\Pipeline\\Pipeline->Illuminate\\Pipeline\\{closure}(Object(Illuminate\\Broadcasting\\BroadcastEvent))
#10 D:\\Satrio\\download\\github\\larachat\\vendor\\laravel\\framework\\src\\Illuminate\\Bus\\Dispatcher.php(98): Illuminate\\Pipeline\\Pipeline->then(Object(Closure))
#11 D:\\Satrio\\download\\github\\larachat\\vendor\\laravel\\framework\\src\\Illuminate\\Queue\\CallQueuedHandler.php(83): Illuminate\\Bus\\Dispatcher->dispatchNow(Object(Illuminate\\Broadcasting\\BroadcastEvent), false)
#12 D:\\Satrio\\download\\github\\larachat\\vendor\\laravel\\framework\\src\\Illuminate\\Pipeline\\Pipeline.php(130): Illuminate\\Queue\\CallQueuedHandler->Illuminate\\Queue\\{closure}(Object(Illuminate\\Broadcasting\\BroadcastEvent))
#13 D:\\Satrio\\download\\github\\larachat\\vendor\\laravel\\framework\\src\\Illuminate\\Pipeline\\Pipeline.php(105): Illuminate\\Pipeline\\Pipeline->Illuminate\\Pipeline\\{closure}(Object(Illuminate\\Broadcasting\\BroadcastEvent))
#14 D:\\Satrio\\download\\github\\larachat\\vendor\\laravel\\framework\\src\\Illuminate\\Queue\\CallQueuedHandler.php(85): Illuminate\\Pipeline\\Pipeline->then(Object(Closure))
#15 D:\\Satrio\\download\\github\\larachat\\vendor\\laravel\\framework\\src\\Illuminate\\Queue\\CallQueuedHandler.php(59): Illuminate\\Queue\\CallQueuedHandler->dispatchThroughMiddleware(Object(Illuminate\\Queue\\Jobs\\SyncJob), Object(Illuminate\\Broadcasting\\BroadcastEvent))
#16 D:\\Satrio\\download\\github\\larachat\\vendor\\laravel\\framework\\src\\Illuminate\\Queue\\Jobs\\Job.php(88): Illuminate\\Queue\\CallQueuedHandler->call(Object(Illuminate\\Queue\\Jobs\\SyncJob), Array)
#17 D:\\Satrio\\download\\github\\larachat\\vendor\\laravel\\framework\\src\\Illuminate\\Queue\\SyncQueue.php(45): Illuminate\\Queue\\Jobs\\Job->fire()
#18 D:\\Satrio\\download\\github\\larachat\\vendor\\laravel\\framework\\src\\Illuminate\\Queue\\Queue.php(44): Illuminate\\Queue\\SyncQueue->push(Object(Illuminate\\Broadcasting\\BroadcastEvent), '', NULL)
#19 D:\\Satrio\\download\\github\\larachat\\vendor\\laravel\\framework\\src\\Illuminate\\Broadcasting\\BroadcastManager.php(127): Illuminate\\Queue\\Queue->pushOn(NULL, Object(Illuminate\\Broadcasting\\BroadcastEvent))
#20 D:\\Satrio\\download\\github\\larachat\\vendor\\laravel\\framework\\src\\Illuminate\\Events\\Dispatcher.php(267): Illuminate\\Broadcasting\\BroadcastManager->queue(Object(App\\Events\\SendGlobalNotification))
#21 D:\\Satrio\\download\\github\\larachat\\vendor\\laravel\\framework\\src\\Illuminate\\Events\\Dispatcher.php(190): Illuminate\\Events\\Dispatcher->broadcastEvent(Object(App\\Events\\SendGlobalNotification))
#22 D:\\Satrio\\download\\github\\larachat\\vendor\\laravel\\framework\\src\\Illuminate\\Broadcasting\\PendingBroadcast.php(57): Illuminate\\Events\\Dispatcher->dispatch('App\\\\Events\\\\Send...')
#23 D:\\Satrio\\download\\github\\larachat\\vendor\\laravel\\framework\\src\\Illuminate\\Foundation\\helpers.php(220): Illuminate\\Broadcasting\\PendingBroadcast->__destruct()
#24 D:\\Satrio\\download\\github\\larachat\\app\\Http\\Controllers\\chatController.php(45): broadcast(Object(App\\Events\\SendGlobalNotification))
#25 [internal function]: App\\Http\\Controllers\\chatController->sendMsg(Object(Illuminate\\Http\\Request))
#26 D:\\Satrio\\download\\github\\larachat\\vendor\\laravel\\framework\\src\\Illuminate\\Routing\\Controller.php(54): call_user_func_array(Array, Array)
#27 D:\\Satrio\\download\\github\\larachat\\vendor\\laravel\\framework\\src\\Illuminate\\Routing\\ControllerDispatcher.php(45): Illuminate\\Routing\\Controller->callAction('sendMsg', Array)
#28 D:\\Satrio\\download\\github\\larachat\\vendor\\laravel\\framework\\src\\Illuminate\\Routing\\Route.php(219): Illuminate\\Routing\\ControllerDispatcher->dispatch(Object(Illuminate\\Routing\\Route), Object(App\\Http\\Controllers\\chatController), 'sendMsg')
#29 D:\\Satrio\\download\\github\\larachat\\vendor\\laravel\\framework\\src\\Illuminate\\Routing\\Route.php(176): Illuminate\\Routing\\Route->runController()
#30 D:\\Satrio\\download\\github\\larachat\\vendor\\laravel\\framework\\src\\Illuminate\\Routing\\Router.php(681): Illuminate\\Routing\\Route->run()
#31 D:\\Satrio\\download\\github\\larachat\\vendor\\laravel\\framework\\src\\Illuminate\\Pipeline\\Pipeline.php(130): Illuminate\\Routing\\Router->Illuminate\\Routing\\{closure}(Object(Illuminate\\Http\\Request))
#32 D:\\Satrio\\download\\github\\larachat\\vendor\\laravel\\framework\\src\\Illuminate\\Routing\\Middleware\\SubstituteBindings.php(41): Illuminate\\Pipeline\\Pipeline->Illuminate\\Pipeline\\{closure}(Object(Illuminate\\Http\\Request))
#33 D:\\Satrio\\download\\github\\larachat\\vendor\\laravel\\framework\\src\\Illuminate\\Pipeline\\Pipeline.php(171): Illuminate\\Routing\\Middleware\\SubstituteBindings->handle(Object(Illuminate\\Http\\Request), Object(Closure))
#34 D:\\Satrio\\download\\github\\larachat\\vendor\\laravel\\framework\\src\\Illuminate\\Routing\\Middleware\\ThrottleRequests.php(59): Illuminate\\Pipeline\\Pipeline->Illuminate\\Pipeline\\{closure}(Object(Illuminate\\Http\\Request))
#35 D:\\Satrio\\download\\github\\larachat\\vendor\\laravel\\framework\\src\\Illuminate\\Pipeline\\Pipeline.php(171): Illuminate\\Routing\\Middleware\\ThrottleRequests->handle(Object(Illuminate\\Http\\Request), Object(Closure), 60, '1')
#36 D:\\Satrio\\download\\github\\larachat\\vendor\\laravel\\framework\\src\\Illuminate\\Pipeline\\Pipeline.php(105): Illuminate\\Pipeline\\Pipeline->Illuminate\\Pipeline\\{closure}(Object(Illuminate\\Http\\Request))
#37 D:\\Satrio\\download\\github\\larachat\\vendor\\laravel\\framework\\src\\Illuminate\\Routing\\Router.php(683): Illuminate\\Pipeline\\Pipeline->then(Object(Closure))
#38 D:\\Satrio\\download\\github\\larachat\\vendor\\laravel\\framework\\src\\Illuminate\\Routing\\Router.php(658): Illuminate\\Routing\\Router->runRouteWithinStack(Object(Illuminate\\Routing\\Route), Object(Illuminate\\Http\\Request))
#39 D:\\Satrio\\download\\github\\larachat\\vendor\\laravel\\framework\\src\\Illuminate\\Routing\\Router.php(624): Illuminate\\Routing\\Router->runRoute(Object(Illuminate\\Http\\Request), Object(Illuminate\\Routing\\Route))
#40 D:\\Satrio\\download\\github\\larachat\\vendor\\laravel\\framework\\src\\Illuminate\\Routing\\Router.php(613): Illuminate\\Routing\\Router->dispatchToRoute(Object(Illuminate\\Http\\Request))
#41 D:\\Satrio\\download\\github\\larachat\\vendor\\laravel\\framework\\src\\Illuminate\\Foundation\\Http\\Kernel.php(170): Illuminate\\Routing\\Router->dispatch(Object(Illuminate\\Http\\Request))
#42 D:\\Satrio\\download\\github\\larachat\\vendor\\laravel\\framework\\src\\Illuminate\\Pipeline\\Pipeline.php(130): Illuminate\\Foundation\\Http\\Kernel->Illuminate\\Foundation\\Http\\{closure}(Object(Illuminate\\Http\\Request))
#43 D:\\Satrio\\download\\github\\larachat\\vendor\\laravel\\framework\\src\\Illuminate\\Foundation\\Http\\Middleware\\TransformsRequest.php(21): Illuminate\\Pipeline\\Pipeline->Illuminate\\Pipeline\\{closure}(Object(Illuminate\\Http\\Request))
#44 D:\\Satrio\\download\\github\\larachat\\vendor\\laravel\\framework\\src\\Illuminate\\Pipeline\\Pipeline.php(171): Illuminate\\Foundation\\Http\\Middleware\\TransformsRequest->handle(Object(Illuminate\\Http\\Request), Object(Closure))
#45 D:\\Satrio\\download\\github\\larachat\\vendor\\laravel\\framework\\src\\Illuminate\\Foundation\\Http\\Middleware\\TransformsRequest.php(21): Illuminate\\Pipeline\\Pipeline->Illuminate\\Pipeline\\{closure}(Object(Illuminate\\Http\\Request))
#46 D:\\Satrio\\download\\github\\larachat\\vendor\\laravel\\framework\\src\\Illuminate\\Pipeline\\Pipeline.php(171): Illuminate\\Foundation\\Http\\Middleware\\TransformsRequest->handle(Object(Illuminate\\Http\\Request), Object(Closure))
#47 D:\\Satrio\\download\\github\\larachat\\vendor\\laravel\\framework\\src\\Illuminate\\Foundation\\Http\\Middleware\\ValidatePostSize.php(27): Illuminate\\Pipeline\\Pipeline->Illuminate\\Pipeline\\{closure}(Object(Illuminate\\Http\\Request))
#48 D:\\Satrio\\download\\github\\larachat\\vendor\\laravel\\framework\\src\\Illuminate\\Pipeline\\Pipeline.php(171): Illuminate\\Foundation\\Http\\Middleware\\ValidatePostSize->handle(Object(Illuminate\\Http\\Request), Object(Closure))
#49 D:\\Satrio\\download\\github\\larachat\\vendor\\laravel\\framework\\src\\Illuminate\\Foundation\\Http\\Middleware\\CheckForMaintenanceMode.php(63): Illuminate\\Pipeline\\Pipeline->Illuminate\\Pipeline\\{closure}(Object(Illuminate\\Http\\Request))
#50 D:\\Satrio\\download\\github\\larachat\\vendor\\laravel\\framework\\src\\Illuminate\\Pipeline\\Pipeline.php(171): Illuminate\\Foundation\\Http\\Middleware\\CheckForMaintenanceMode->handle(Object(Illuminate\\Http\\Request), Object(Closure))
#51 D:\\Satrio\\download\\github\\larachat\\vendor\\fideloper\\proxy\\src\\TrustProxies.php(57): Illuminate\\Pipeline\\Pipeline->Illuminate\\Pipeline\\{closure}(Object(Illuminate\\Http\\Request))
#52 D:\\Satrio\\download\\github\\larachat\\vendor\\laravel\\framework\\src\\Illuminate\\Pipeline\\Pipeline.php(171): Fideloper\\Proxy\\TrustProxies->handle(Object(Illuminate\\Http\\Request), Object(Closure))
#53 D:\\Satrio\\download\\github\\larachat\\vendor\\laravel\\framework\\src\\Illuminate\\Pipeline\\Pipeline.php(105): Illuminate\\Pipeline\\Pipeline->Illuminate\\Pipeline\\{closure}(Object(Illuminate\\Http\\Request))
#54 D:\\Satrio\\download\\github\\larachat\\vendor\\laravel\\framework\\src\\Illuminate\\Foundation\\Http\\Kernel.php(145): Illuminate\\Pipeline\\Pipeline->then(Object(Closure))
#55 D:\\Satrio\\download\\github\\larachat\\vendor\\laravel\\framework\\src\\Illuminate\\Foundation\\Http\\Kernel.php(110): Illuminate\\Foundation\\Http\\Kernel->sendRequestThroughRouter(Object(Illuminate\\Http\\Request))
#56 D:\\Satrio\\download\\github\\larachat\\public\\index.php(55): Illuminate\\Foundation\\Http\\Kernel->handle(Object(Illuminate\\Http\\Request))
#57 D:\\Satrio\\download\\github\\larachat\\server.php(21): require_once('D:\\\\Satrio\\\\downl...')
#58 {main}
"} 
[2020-02-15 13:34:26] production.ERROR: SQLSTATE[HY000] [1045] Access denied for user 'forge'@'localhost' (using password: NO) (SQL: select * from information_schema.tables where table_schema = forge and table_name = migrations and table_type = 'BASE TABLE') {"exception":"[object] (Illuminate\\Database\\QueryException(code: 1045): SQLSTATE[HY000] [1045] Access denied for user 'forge'@'localhost' (using password: NO) (SQL: select * from information_schema.tables where table_schema = forge and table_name = migrations and table_type = 'BASE TABLE') at D:\\angga\\larachat\\vendor\\laravel\\framework\\src\\Illuminate\\Database\\Connection.php:669)
[stacktrace]
#0 D:\\angga\\larachat\\vendor\\laravel\\framework\\src\\Illuminate\\Database\\Connection.php(629): Illuminate\\Database\\Connection->runQueryCallback('select * from i...', Array, Object(Closure))
#1 D:\\angga\\larachat\\vendor\\laravel\\framework\\src\\Illuminate\\Database\\Connection.php(338): Illuminate\\Database\\Connection->run('select * from i...', Array, Object(Closure))
#2 D:\\angga\\larachat\\vendor\\laravel\\framework\\src\\Illuminate\\Database\\Schema\\MySqlBuilder.php(18): Illuminate\\Database\\Connection->select('select * from i...', Array)
#3 D:\\angga\\larachat\\vendor\\laravel\\framework\\src\\Illuminate\\Database\\Migrations\\DatabaseMigrationRepository.php(169): Illuminate\\Database\\Schema\\MySqlBuilder->hasTable('migrations')
#4 D:\\angga\\larachat\\vendor\\laravel\\framework\\src\\Illuminate\\Database\\Migrations\\Migrator.php(585): Illuminate\\Database\\Migrations\\DatabaseMigrationRepository->repositoryExists()
#5 D:\\angga\\larachat\\vendor\\laravel\\framework\\src\\Illuminate\\Database\\Console\\Migrations\\MigrateCommand.php(91): Illuminate\\Database\\Migrations\\Migrator->repositoryExists()
#6 D:\\angga\\larachat\\vendor\\laravel\\framework\\src\\Illuminate\\Database\\Console\\Migrations\\MigrateCommand.php(63): Illuminate\\Database\\Console\\Migrations\\MigrateCommand->prepareDatabase()
#7 [internal function]: Illuminate\\Database\\Console\\Migrations\\MigrateCommand->handle()
#8 D:\\angga\\larachat\\vendor\\laravel\\framework\\src\\Illuminate\\Container\\BoundMethod.php(32): call_user_func_array(Array, Array)
#9 D:\\angga\\larachat\\vendor\\laravel\\framework\\src\\Illuminate\\Container\\Util.php(36): Illuminate\\Container\\BoundMethod::Illuminate\\Container\\{closure}()
#10 D:\\angga\\larachat\\vendor\\laravel\\framework\\src\\Illuminate\\Container\\BoundMethod.php(90): Illuminate\\Container\\Util::unwrapIfClosure(Object(Closure))
#11 D:\\angga\\larachat\\vendor\\laravel\\framework\\src\\Illuminate\\Container\\BoundMethod.php(34): Illuminate\\Container\\BoundMethod::callBoundMethod(Object(Illuminate\\Foundation\\Application), Array, Object(Closure))
#12 D:\\angga\\larachat\\vendor\\laravel\\framework\\src\\Illuminate\\Container\\Container.php(590): Illuminate\\Container\\BoundMethod::call(Object(Illuminate\\Foundation\\Application), Array, Array, NULL)
#13 D:\\angga\\larachat\\vendor\\laravel\\framework\\src\\Illuminate\\Console\\Command.php(201): Illuminate\\Container\\Container->call(Array)
#14 D:\\angga\\larachat\\vendor\\symfony\\console\\Command\\Command.php(255): Illuminate\\Console\\Command->execute(Object(Symfony\\Component\\Console\\Input\\ArgvInput), Object(Illuminate\\Console\\OutputStyle))
#15 D:\\angga\\larachat\\vendor\\laravel\\framework\\src\\Illuminate\\Console\\Command.php(188): Symfony\\Component\\Console\\Command\\Command->run(Object(Symfony\\Component\\Console\\Input\\ArgvInput), Object(Illuminate\\Console\\OutputStyle))
#16 D:\\angga\\larachat\\vendor\\symfony\\console\\Application.php(1012): Illuminate\\Console\\Command->run(Object(Symfony\\Component\\Console\\Input\\ArgvInput), Object(Symfony\\Component\\Console\\Output\\ConsoleOutput))
#17 D:\\angga\\larachat\\vendor\\symfony\\console\\Application.php(272): Symfony\\Component\\Console\\Application->doRunCommand(Object(Illuminate\\Database\\Console\\Migrations\\MigrateCommand), Object(Symfony\\Component\\Console\\Input\\ArgvInput), Object(Symfony\\Component\\Console\\Output\\ConsoleOutput))
#18 D:\\angga\\larachat\\vendor\\symfony\\console\\Application.php(148): Symfony\\Component\\Console\\Application->doRun(Object(Symfony\\Component\\Console\\Input\\ArgvInput), Object(Symfony\\Component\\Console\\Output\\ConsoleOutput))
#19 D:\\angga\\larachat\\vendor\\laravel\\framework\\src\\Illuminate\\Console\\Application.php(93): Symfony\\Component\\Console\\Application->run(Object(Symfony\\Component\\Console\\Input\\ArgvInput), Object(Symfony\\Component\\Console\\Output\\ConsoleOutput))
#20 D:\\angga\\larachat\\vendor\\laravel\\framework\\src\\Illuminate\\Foundation\\Console\\Kernel.php(131): Illuminate\\Console\\Application->run(Object(Symfony\\Component\\Console\\Input\\ArgvInput), Object(Symfony\\Component\\Console\\Output\\ConsoleOutput))
#21 D:\\angga\\larachat\\artisan(37): Illuminate\\Foundation\\Console\\Kernel->handle(Object(Symfony\\Component\\Console\\Input\\ArgvInput), Object(Symfony\\Component\\Console\\Output\\ConsoleOutput))
#22 {main}

[previous exception] [object] (PDOException(code: 1045): SQLSTATE[HY000] [1045] Access denied for user 'forge'@'localhost' (using password: NO) at D:\\angga\\larachat\\vendor\\laravel\\framework\\src\\Illuminate\\Database\\Connectors\\Connector.php:70)
[stacktrace]
#0 D:\\angga\\larachat\\vendor\\laravel\\framework\\src\\Illuminate\\Database\\Connectors\\Connector.php(70): PDO->__construct('mysql:host=127....', 'forge', '', Array)
#1 D:\\angga\\larachat\\vendor\\laravel\\framework\\src\\Illuminate\\Database\\Connectors\\Connector.php(46): Illuminate\\Database\\Connectors\\Connector->createPdoConnection('mysql:host=127....', 'forge', '', Array)
#2 D:\\angga\\larachat\\vendor\\laravel\\framework\\src\\Illuminate\\Database\\Connectors\\MySqlConnector.php(24): Illuminate\\Database\\Connectors\\Connector->createConnection('mysql:host=127....', Array, Array)
#3 D:\\angga\\larachat\\vendor\\laravel\\framework\\src\\Illuminate\\Database\\Connectors\\ConnectionFactory.php(182): Illuminate\\Database\\Connectors\\MySqlConnector->connect(Array)
#4 [internal function]: Illuminate\\Database\\Connectors\\ConnectionFactory->Illuminate\\Database\\Connectors\\{closure}()
#5 D:\\angga\\larachat\\vendor\\laravel\\framework\\src\\Illuminate\\Database\\Connection.php(924): call_user_func(Object(Closure))
#6 D:\\angga\\larachat\\vendor\\laravel\\framework\\src\\Illuminate\\Database\\Connection.php(959): Illuminate\\Database\\Connection->getPdo()
#7 D:\\angga\\larachat\\vendor\\laravel\\framework\\src\\Illuminate\\Database\\Connection.php(404): Illuminate\\Database\\Connection->getReadPdo()
#8 D:\\angga\\larachat\\vendor\\laravel\\framework\\src\\Illuminate\\Database\\Connection.php(330): Illuminate\\Database\\Connection->getPdoForSelect(true)
#9 D:\\angga\\larachat\\vendor\\laravel\\framework\\src\\Illuminate\\Database\\Connection.php(662): Illuminate\\Database\\Connection->Illuminate\\Database\\{closure}('select * from i...', Array)
#10 D:\\angga\\larachat\\vendor\\laravel\\framework\\src\\Illuminate\\Database\\Connection.php(629): Illuminate\\Database\\Connection->runQueryCallback('select * from i...', Array, Object(Closure))
#11 D:\\angga\\larachat\\vendor\\laravel\\framework\\src\\Illuminate\\Database\\Connection.php(338): Illuminate\\Database\\Connection->run('select * from i...', Array, Object(Closure))
#12 D:\\angga\\larachat\\vendor\\laravel\\framework\\src\\Illuminate\\Database\\Schema\\MySqlBuilder.php(18): Illuminate\\Database\\Connection->select('select * from i...', Array)
#13 D:\\angga\\larachat\\vendor\\laravel\\framework\\src\\Illuminate\\Database\\Migrations\\DatabaseMigrationRepository.php(169): Illuminate\\Database\\Schema\\MySqlBuilder->hasTable('migrations')
#14 D:\\angga\\larachat\\vendor\\laravel\\framework\\src\\Illuminate\\Database\\Migrations\\Migrator.php(585): Illuminate\\Database\\Migrations\\DatabaseMigrationRepository->repositoryExists()
#15 D:\\angga\\larachat\\vendor\\laravel\\framework\\src\\Illuminate\\Database\\Console\\Migrations\\MigrateCommand.php(91): Illuminate\\Database\\Migrations\\Migrator->repositoryExists()
#16 D:\\angga\\larachat\\vendor\\laravel\\framework\\src\\Illuminate\\Database\\Console\\Migrations\\MigrateCommand.php(63): Illuminate\\Database\\Console\\Migrations\\MigrateCommand->prepareDatabase()
#17 [internal function]: Illuminate\\Database\\Console\\Migrations\\MigrateCommand->handle()
#18 D:\\angga\\larachat\\vendor\\laravel\\framework\\src\\Illuminate\\Container\\BoundMethod.php(32): call_user_func_array(Array, Array)
#19 D:\\angga\\larachat\\vendor\\laravel\\framework\\src\\Illuminate\\Container\\Util.php(36): Illuminate\\Container\\BoundMethod::Illuminate\\Container\\{closure}()
#20 D:\\angga\\larachat\\vendor\\laravel\\framework\\src\\Illuminate\\Container\\BoundMethod.php(90): Illuminate\\Container\\Util::unwrapIfClosure(Object(Closure))
#21 D:\\angga\\larachat\\vendor\\laravel\\framework\\src\\Illuminate\\Container\\BoundMethod.php(34): Illuminate\\Container\\BoundMethod::callBoundMethod(Object(Illuminate\\Foundation\\Application), Array, Object(Closure))
#22 D:\\angga\\larachat\\vendor\\laravel\\framework\\src\\Illuminate\\Container\\Container.php(590): Illuminate\\Container\\BoundMethod::call(Object(Illuminate\\Foundation\\Application), Array, Array, NULL)
#23 D:\\angga\\larachat\\vendor\\laravel\\framework\\src\\Illuminate\\Console\\Command.php(201): Illuminate\\Container\\Container->call(Array)
#24 D:\\angga\\larachat\\vendor\\symfony\\console\\Command\\Command.php(255): Illuminate\\Console\\Command->execute(Object(Symfony\\Component\\Console\\Input\\ArgvInput), Object(Illuminate\\Console\\OutputStyle))
#25 D:\\angga\\larachat\\vendor\\laravel\\framework\\src\\Illuminate\\Console\\Command.php(188): Symfony\\Component\\Console\\Command\\Command->run(Object(Symfony\\Component\\Console\\Input\\ArgvInput), Object(Illuminate\\Console\\OutputStyle))
#26 D:\\angga\\larachat\\vendor\\symfony\\console\\Application.php(1012): Illuminate\\Console\\Command->run(Object(Symfony\\Component\\Console\\Input\\ArgvInput), Object(Symfony\\Component\\Console\\Output\\ConsoleOutput))
#27 D:\\angga\\larachat\\vendor\\symfony\\console\\Application.php(272): Symfony\\Component\\Console\\Application->doRunCommand(Object(Illuminate\\Database\\Console\\Migrations\\MigrateCommand), Object(Symfony\\Component\\Console\\Input\\ArgvInput), Object(Symfony\\Component\\Console\\Output\\ConsoleOutput))
#28 D:\\angga\\larachat\\vendor\\symfony\\console\\Application.php(148): Symfony\\Component\\Console\\Application->doRun(Object(Symfony\\Component\\Console\\Input\\ArgvInput), Object(Symfony\\Component\\Console\\Output\\ConsoleOutput))
#29 D:\\angga\\larachat\\vendor\\laravel\\framework\\src\\Illuminate\\Console\\Application.php(93): Symfony\\Component\\Console\\Application->run(Object(Symfony\\Component\\Console\\Input\\ArgvInput), Object(Symfony\\Component\\Console\\Output\\ConsoleOutput))
#30 D:\\angga\\larachat\\vendor\\laravel\\framework\\src\\Illuminate\\Foundation\\Console\\Kernel.php(131): Illuminate\\Console\\Application->run(Object(Symfony\\Component\\Console\\Input\\ArgvInput), Object(Symfony\\Component\\Console\\Output\\ConsoleOutput))
#31 D:\\angga\\larachat\\artisan(37): Illuminate\\Foundation\\Console\\Kernel->handle(Object(Symfony\\Component\\Console\\Input\\ArgvInput), Object(Symfony\\Component\\Console\\Output\\ConsoleOutput))
#32 {main}
"} 
[2020-02-15 13:35:44] production.ERROR: file_get_contents(D:\angga\larachat\.env): failed to open stream: No such file or directory {"exception":"[object] (ErrorException(code: 0): file_get_contents(D:\\angga\\larachat\\.env): failed to open stream: No such file or directory at D:\\angga\\larachat\\vendor\\laravel\\framework\\src\\Illuminate\\Foundation\\Console\\KeyGenerateCommand.php:96)
[stacktrace]
#0 [internal function]: Illuminate\\Foundation\\Bootstrap\\HandleExceptions->handleError(2, 'file_get_conten...', 'D:\\\\angga\\\\larach...', 96, Array)
#1 D:\\angga\\larachat\\vendor\\laravel\\framework\\src\\Illuminate\\Foundation\\Console\\KeyGenerateCommand.php(96): file_get_contents('D:\\\\angga\\\\larach...')
#2 D:\\angga\\larachat\\vendor\\laravel\\framework\\src\\Illuminate\\Foundation\\Console\\KeyGenerateCommand.php(80): Illuminate\\Foundation\\Console\\KeyGenerateCommand->writeNewEnvironmentFileWith('base64:WHg2eEvz...')
#3 D:\\angga\\larachat\\vendor\\laravel\\framework\\src\\Illuminate\\Foundation\\Console\\KeyGenerateCommand.php(45): Illuminate\\Foundation\\Console\\KeyGenerateCommand->setKeyInEnvironmentFile('base64:WHg2eEvz...')
#4 [internal function]: Illuminate\\Foundation\\Console\\KeyGenerateCommand->handle()
#5 D:\\angga\\larachat\\vendor\\laravel\\framework\\src\\Illuminate\\Container\\BoundMethod.php(32): call_user_func_array(Array, Array)
#6 D:\\angga\\larachat\\vendor\\laravel\\framework\\src\\Illuminate\\Container\\Util.php(36): Illuminate\\Container\\BoundMethod::Illuminate\\Container\\{closure}()
#7 D:\\angga\\larachat\\vendor\\laravel\\framework\\src\\Illuminate\\Container\\BoundMethod.php(90): Illuminate\\Container\\Util::unwrapIfClosure(Object(Closure))
#8 D:\\angga\\larachat\\vendor\\laravel\\framework\\src\\Illuminate\\Container\\BoundMethod.php(34): Illuminate\\Container\\BoundMethod::callBoundMethod(Object(Illuminate\\Foundation\\Application), Array, Object(Closure))
#9 D:\\angga\\larachat\\vendor\\laravel\\framework\\src\\Illuminate\\Container\\Container.php(590): Illuminate\\Container\\BoundMethod::call(Object(Illuminate\\Foundation\\Application), Array, Array, NULL)
#10 D:\\angga\\larachat\\vendor\\laravel\\framework\\src\\Illuminate\\Console\\Command.php(201): Illuminate\\Container\\Container->call(Array)
#11 D:\\angga\\larachat\\vendor\\symfony\\console\\Command\\Command.php(255): Illuminate\\Console\\Command->execute(Object(Symfony\\Component\\Console\\Input\\ArgvInput), Object(Illuminate\\Console\\OutputStyle))
#12 D:\\angga\\larachat\\vendor\\laravel\\framework\\src\\Illuminate\\Console\\Command.php(188): Symfony\\Component\\Console\\Command\\Command->run(Object(Symfony\\Component\\Console\\Input\\ArgvInput), Object(Illuminate\\Console\\OutputStyle))
#13 D:\\angga\\larachat\\vendor\\symfony\\console\\Application.php(1012): Illuminate\\Console\\Command->run(Object(Symfony\\Component\\Console\\Input\\ArgvInput), Object(Symfony\\Component\\Console\\Output\\ConsoleOutput))
#14 D:\\angga\\larachat\\vendor\\symfony\\console\\Application.php(272): Symfony\\Component\\Console\\Application->doRunCommand(Object(Illuminate\\Foundation\\Console\\KeyGenerateCommand), Object(Symfony\\Component\\Console\\Input\\ArgvInput), Object(Symfony\\Component\\Console\\Output\\ConsoleOutput))
#15 D:\\angga\\larachat\\vendor\\symfony\\console\\Application.php(148): Symfony\\Component\\Console\\Application->doRun(Object(Symfony\\Component\\Console\\Input\\ArgvInput), Object(Symfony\\Component\\Console\\Output\\ConsoleOutput))
#16 D:\\angga\\larachat\\vendor\\laravel\\framework\\src\\Illuminate\\Console\\Application.php(93): Symfony\\Component\\Console\\Application->run(Object(Symfony\\Component\\Console\\Input\\ArgvInput), Object(Symfony\\Component\\Console\\Output\\ConsoleOutput))
#17 D:\\angga\\larachat\\vendor\\laravel\\framework\\src\\Illuminate\\Foundation\\Console\\Kernel.php(131): Illuminate\\Console\\Application->run(Object(Symfony\\Component\\Console\\Input\\ArgvInput), Object(Symfony\\Component\\Console\\Output\\ConsoleOutput))
#18 D:\\angga\\larachat\\artisan(37): Illuminate\\Foundation\\Console\\Kernel->handle(Object(Symfony\\Component\\Console\\Input\\ArgvInput), Object(Symfony\\Component\\Console\\Output\\ConsoleOutput))
#19 {main}
"} 
[2020-02-15 13:37:59] production.ERROR: file_get_contents(D:\angga\larachat\.env): failed to open stream: No such file or directory {"exception":"[object] (ErrorException(code: 0): file_get_contents(D:\\angga\\larachat\\.env): failed to open stream: No such file or directory at D:\\angga\\larachat\\vendor\\laravel\\framework\\src\\Illuminate\\Foundation\\Console\\KeyGenerateCommand.php:96)
[stacktrace]
#0 [internal function]: Illuminate\\Foundation\\Bootstrap\\HandleExceptions->handleError(2, 'file_get_conten...', 'D:\\\\angga\\\\larach...', 96, Array)
#1 D:\\angga\\larachat\\vendor\\laravel\\framework\\src\\Illuminate\\Foundation\\Console\\KeyGenerateCommand.php(96): file_get_contents('D:\\\\angga\\\\larach...')
#2 D:\\angga\\larachat\\vendor\\laravel\\framework\\src\\Illuminate\\Foundation\\Console\\KeyGenerateCommand.php(80): Illuminate\\Foundation\\Console\\KeyGenerateCommand->writeNewEnvironmentFileWith('base64:J4iOrUmL...')
#3 D:\\angga\\larachat\\vendor\\laravel\\framework\\src\\Illuminate\\Foundation\\Console\\KeyGenerateCommand.php(45): Illuminate\\Foundation\\Console\\KeyGenerateCommand->setKeyInEnvironmentFile('base64:J4iOrUmL...')
#4 [internal function]: Illuminate\\Foundation\\Console\\KeyGenerateCommand->handle()
#5 D:\\angga\\larachat\\vendor\\laravel\\framework\\src\\Illuminate\\Container\\BoundMethod.php(32): call_user_func_array(Array, Array)
#6 D:\\angga\\larachat\\vendor\\laravel\\framework\\src\\Illuminate\\Container\\Util.php(36): Illuminate\\Container\\BoundMethod::Illuminate\\Container\\{closure}()
#7 D:\\angga\\larachat\\vendor\\laravel\\framework\\src\\Illuminate\\Container\\BoundMethod.php(90): Illuminate\\Container\\Util::unwrapIfClosure(Object(Closure))
#8 D:\\angga\\larachat\\vendor\\laravel\\framework\\src\\Illuminate\\Container\\BoundMethod.php(34): Illuminate\\Container\\BoundMethod::callBoundMethod(Object(Illuminate\\Foundation\\Application), Array, Object(Closure))
#9 D:\\angga\\larachat\\vendor\\laravel\\framework\\src\\Illuminate\\Container\\Container.php(590): Illuminate\\Container\\BoundMethod::call(Object(Illuminate\\Foundation\\Application), Array, Array, NULL)
#10 D:\\angga\\larachat\\vendor\\laravel\\framework\\src\\Illuminate\\Console\\Command.php(201): Illuminate\\Container\\Container->call(Array)
#11 D:\\angga\\larachat\\vendor\\symfony\\console\\Command\\Command.php(255): Illuminate\\Console\\Command->execute(Object(Symfony\\Component\\Console\\Input\\ArgvInput), Object(Illuminate\\Console\\OutputStyle))
#12 D:\\angga\\larachat\\vendor\\laravel\\framework\\src\\Illuminate\\Console\\Command.php(188): Symfony\\Component\\Console\\Command\\Command->run(Object(Symfony\\Component\\Console\\Input\\ArgvInput), Object(Illuminate\\Console\\OutputStyle))
#13 D:\\angga\\larachat\\vendor\\symfony\\console\\Application.php(1012): Illuminate\\Console\\Command->run(Object(Symfony\\Component\\Console\\Input\\ArgvInput), Object(Symfony\\Component\\Console\\Output\\ConsoleOutput))
#14 D:\\angga\\larachat\\vendor\\symfony\\console\\Application.php(272): Symfony\\Component\\Console\\Application->doRunCommand(Object(Illuminate\\Foundation\\Console\\KeyGenerateCommand), Object(Symfony\\Component\\Console\\Input\\ArgvInput), Object(Symfony\\Component\\Console\\Output\\ConsoleOutput))
#15 D:\\angga\\larachat\\vendor\\symfony\\console\\Application.php(148): Symfony\\Component\\Console\\Application->doRun(Object(Symfony\\Component\\Console\\Input\\ArgvInput), Object(Symfony\\Component\\Console\\Output\\ConsoleOutput))
#16 D:\\angga\\larachat\\vendor\\laravel\\framework\\src\\Illuminate\\Console\\Application.php(93): Symfony\\Component\\Console\\Application->run(Object(Symfony\\Component\\Console\\Input\\ArgvInput), Object(Symfony\\Component\\Console\\Output\\ConsoleOutput))
#17 D:\\angga\\larachat\\vendor\\laravel\\framework\\src\\Illuminate\\Foundation\\Console\\Kernel.php(131): Illuminate\\Console\\Application->run(Object(Symfony\\Component\\Console\\Input\\ArgvInput), Object(Symfony\\Component\\Console\\Output\\ConsoleOutput))
#18 D:\\angga\\larachat\\artisan(37): Illuminate\\Foundation\\Console\\Kernel->handle(Object(Symfony\\Component\\Console\\Input\\ArgvInput), Object(Symfony\\Component\\Console\\Output\\ConsoleOutput))
#19 {main}
"} 
[2020-02-15 13:53:49] local.ERROR: Trying to get property 'name' of non-object {"exception":"[object] (ErrorException(code: 0): Trying to get property 'name' of non-object at D:\\angga\\larachat\\app\\Http\\Controllers\\chatController.php:23)
[stacktrace]
#0 D:\\angga\\larachat\\app\\Http\\Controllers\\chatController.php(23): Illuminate\\Foundation\\Bootstrap\\HandleExceptions->handleError(8, 'Trying to get p...', 'D:\\\\angga\\\\larach...', 23, Array)
#1 [internal function]: App\\Http\\Controllers\\chatController->filmsg(Object(Illuminate\\Http\\Request))
#2 D:\\angga\\larachat\\vendor\\laravel\\framework\\src\\Illuminate\\Routing\\Controller.php(54): call_user_func_array(Array, Array)
#3 D:\\angga\\larachat\\vendor\\laravel\\framework\\src\\Illuminate\\Routing\\ControllerDispatcher.php(45): Illuminate\\Routing\\Controller->callAction('filmsg', Array)
#4 D:\\angga\\larachat\\vendor\\laravel\\framework\\src\\Illuminate\\Routing\\Route.php(219): Illuminate\\Routing\\ControllerDispatcher->dispatch(Object(Illuminate\\Routing\\Route), Object(App\\Http\\Controllers\\chatController), 'filmsg')
#5 D:\\angga\\larachat\\vendor\\laravel\\framework\\src\\Illuminate\\Routing\\Route.php(176): Illuminate\\Routing\\Route->runController()
#6 D:\\angga\\larachat\\vendor\\laravel\\framework\\src\\Illuminate\\Routing\\Router.php(681): Illuminate\\Routing\\Route->run()
#7 D:\\angga\\larachat\\vendor\\laravel\\framework\\src\\Illuminate\\Pipeline\\Pipeline.php(130): Illuminate\\Routing\\Router->Illuminate\\Routing\\{closure}(Object(Illuminate\\Http\\Request))
#8 D:\\angga\\larachat\\vendor\\laravel\\framework\\src\\Illuminate\\Routing\\Middleware\\SubstituteBindings.php(41): Illuminate\\Pipeline\\Pipeline->Illuminate\\Pipeline\\{closure}(Object(Illuminate\\Http\\Request))
#9 D:\\angga\\larachat\\vendor\\laravel\\framework\\src\\Illuminate\\Pipeline\\Pipeline.php(171): Illuminate\\Routing\\Middleware\\SubstituteBindings->handle(Object(Illuminate\\Http\\Request), Object(Closure))
#10 D:\\angga\\larachat\\vendor\\laravel\\framework\\src\\Illuminate\\Routing\\Middleware\\ThrottleRequests.php(59): Illuminate\\Pipeline\\Pipeline->Illuminate\\Pipeline\\{closure}(Object(Illuminate\\Http\\Request))
#11 D:\\angga\\larachat\\vendor\\laravel\\framework\\src\\Illuminate\\Pipeline\\Pipeline.php(171): Illuminate\\Routing\\Middleware\\ThrottleRequests->handle(Object(Illuminate\\Http\\Request), Object(Closure), 60, '1')
#12 D:\\angga\\larachat\\vendor\\laravel\\framework\\src\\Illuminate\\Pipeline\\Pipeline.php(105): Illuminate\\Pipeline\\Pipeline->Illuminate\\Pipeline\\{closure}(Object(Illuminate\\Http\\Request))
#13 D:\\angga\\larachat\\vendor\\laravel\\framework\\src\\Illuminate\\Routing\\Router.php(683): Illuminate\\Pipeline\\Pipeline->then(Object(Closure))
#14 D:\\angga\\larachat\\vendor\\laravel\\framework\\src\\Illuminate\\Routing\\Router.php(658): Illuminate\\Routing\\Router->runRouteWithinStack(Object(Illuminate\\Routing\\Route), Object(Illuminate\\Http\\Request))
#15 D:\\angga\\larachat\\vendor\\laravel\\framework\\src\\Illuminate\\Routing\\Router.php(624): Illuminate\\Routing\\Router->runRoute(Object(Illuminate\\Http\\Request), Object(Illuminate\\Routing\\Route))
#16 D:\\angga\\larachat\\vendor\\laravel\\framework\\src\\Illuminate\\Routing\\Router.php(613): Illuminate\\Routing\\Router->dispatchToRoute(Object(Illuminate\\Http\\Request))
#17 D:\\angga\\larachat\\vendor\\laravel\\framework\\src\\Illuminate\\Foundation\\Http\\Kernel.php(170): Illuminate\\Routing\\Router->dispatch(Object(Illuminate\\Http\\Request))
#18 D:\\angga\\larachat\\vendor\\laravel\\framework\\src\\Illuminate\\Pipeline\\Pipeline.php(130): Illuminate\\Foundation\\Http\\Kernel->Illuminate\\Foundation\\Http\\{closure}(Object(Illuminate\\Http\\Request))
#19 D:\\angga\\larachat\\vendor\\laravel\\framework\\src\\Illuminate\\Foundation\\Http\\Middleware\\TransformsRequest.php(21): Illuminate\\Pipeline\\Pipeline->Illuminate\\Pipeline\\{closure}(Object(Illuminate\\Http\\Request))
#20 D:\\angga\\larachat\\vendor\\laravel\\framework\\src\\Illuminate\\Pipeline\\Pipeline.php(171): Illuminate\\Foundation\\Http\\Middleware\\TransformsRequest->handle(Object(Illuminate\\Http\\Request), Object(Closure))
#21 D:\\angga\\larachat\\vendor\\laravel\\framework\\src\\Illuminate\\Foundation\\Http\\Middleware\\TransformsRequest.php(21): Illuminate\\Pipeline\\Pipeline->Illuminate\\Pipeline\\{closure}(Object(Illuminate\\Http\\Request))
#22 D:\\angga\\larachat\\vendor\\laravel\\framework\\src\\Illuminate\\Pipeline\\Pipeline.php(171): Illuminate\\Foundation\\Http\\Middleware\\TransformsRequest->handle(Object(Illuminate\\Http\\Request), Object(Closure))
#23 D:\\angga\\larachat\\vendor\\laravel\\framework\\src\\Illuminate\\Foundation\\Http\\Middleware\\ValidatePostSize.php(27): Illuminate\\Pipeline\\Pipeline->Illuminate\\Pipeline\\{closure}(Object(Illuminate\\Http\\Request))
#24 D:\\angga\\larachat\\vendor\\laravel\\framework\\src\\Illuminate\\Pipeline\\Pipeline.php(171): Illuminate\\Foundation\\Http\\Middleware\\ValidatePostSize->handle(Object(Illuminate\\Http\\Request), Object(Closure))
#25 D:\\angga\\larachat\\vendor\\laravel\\framework\\src\\Illuminate\\Foundation\\Http\\Middleware\\CheckForMaintenanceMode.php(63): Illuminate\\Pipeline\\Pipeline->Illuminate\\Pipeline\\{closure}(Object(Illuminate\\Http\\Request))
#26 D:\\angga\\larachat\\vendor\\laravel\\framework\\src\\Illuminate\\Pipeline\\Pipeline.php(171): Illuminate\\Foundation\\Http\\Middleware\\CheckForMaintenanceMode->handle(Object(Illuminate\\Http\\Request), Object(Closure))
#27 D:\\angga\\larachat\\vendor\\fideloper\\proxy\\src\\TrustProxies.php(57): Illuminate\\Pipeline\\Pipeline->Illuminate\\Pipeline\\{closure}(Object(Illuminate\\Http\\Request))
#28 D:\\angga\\larachat\\vendor\\laravel\\framework\\src\\Illuminate\\Pipeline\\Pipeline.php(171): Fideloper\\Proxy\\TrustProxies->handle(Object(Illuminate\\Http\\Request), Object(Closure))
#29 D:\\angga\\larachat\\vendor\\laravel\\framework\\src\\Illuminate\\Pipeline\\Pipeline.php(105): Illuminate\\Pipeline\\Pipeline->Illuminate\\Pipeline\\{closure}(Object(Illuminate\\Http\\Request))
#30 D:\\angga\\larachat\\vendor\\laravel\\framework\\src\\Illuminate\\Foundation\\Http\\Kernel.php(145): Illuminate\\Pipeline\\Pipeline->then(Object(Closure))
#31 D:\\angga\\larachat\\vendor\\laravel\\framework\\src\\Illuminate\\Foundation\\Http\\Kernel.php(110): Illuminate\\Foundation\\Http\\Kernel->sendRequestThroughRouter(Object(Illuminate\\Http\\Request))
#32 D:\\angga\\larachat\\public\\index.php(55): Illuminate\\Foundation\\Http\\Kernel->handle(Object(Illuminate\\Http\\Request))
#33 D:\\angga\\larachat\\server.php(21): require_once('D:\\\\angga\\\\larach...')
#34 {main}
"} 
